2020-12-13 18:41:22,593 - Log4JLogChute initialized using file 'velocity.log'
2020-12-13 18:41:22,593 - Initializing Velocity, Calling init()...
2020-12-13 18:41:22,593 - Starting Apache Velocity v1.7 (compiled: 2010-11-19 12:14:37)
2020-12-13 18:41:22,593 - Default Properties File: org\apache\velocity\runtime\defaults\velocity.properties
2020-12-13 18:41:22,593 - Trying to use logger class org.apache.velocity.runtime.log.AvalonLogChute
2020-12-13 18:41:22,593 - Target log system for org.apache.velocity.runtime.log.AvalonLogChute is not available (java.lang.NoClassDefFoundError: org/apache/log/format/Formatter).  Falling back to next log system...
2020-12-13 18:41:22,593 - Trying to use logger class org.apache.velocity.runtime.log.Log4JLogChute
2020-12-13 18:41:22,593 - Using logger class org.apache.velocity.runtime.log.Log4JLogChute
2020-12-13 18:41:22,595 - ResourceLoader instantiated: org.apache.velocity.runtime.resource.loader.ClasspathResourceLoader
2020-12-13 18:41:22,601 - ResourceCache: initialized (class org.apache.velocity.runtime.resource.ResourceCacheImpl) with class java.util.Collections$SynchronizedMap cache map.
2020-12-13 18:41:22,601 - Loaded System Directive: org.apache.velocity.runtime.directive.Stop
2020-12-13 18:41:22,602 - Loaded System Directive: org.apache.velocity.runtime.directive.Define
2020-12-13 18:41:22,602 - Loaded System Directive: org.apache.velocity.runtime.directive.Break
2020-12-13 18:41:22,603 - Loaded System Directive: org.apache.velocity.runtime.directive.Evaluate
2020-12-13 18:41:22,603 - Loaded System Directive: org.apache.velocity.runtime.directive.Literal
2020-12-13 18:41:22,603 - Loaded System Directive: org.apache.velocity.runtime.directive.Macro
2020-12-13 18:41:22,604 - Loaded System Directive: org.apache.velocity.runtime.directive.Parse
2020-12-13 18:41:22,605 - Loaded System Directive: org.apache.velocity.runtime.directive.Include
2020-12-13 18:41:22,605 - Loaded System Directive: org.apache.velocity.runtime.directive.Foreach
2020-12-13 18:41:22,620 - Created '20' parsers.
2020-12-13 18:41:22,623 - Velocimacro : "velocimacro.library" is not set.  Trying default library: VM_global_library.vm
2020-12-13 18:41:22,623 - Could not load resource 'VM_global_library.vm' from ResourceLoader org.apache.velocity.runtime.resource.loader.ClasspathResourceLoader: ClasspathResourceLoader Error: cannot find resource VM_global_library.vm
2020-12-13 18:41:22,623 - Velocimacro : Default library not found.
2020-12-13 18:41:22,623 - Velocimacro : allowInline = true : VMs can be defined inline in templates
2020-12-13 18:41:22,623 - Velocimacro : allowInlineToOverride = false : VMs defined inline may NOT replace previous VM definitions
2020-12-13 18:41:22,623 - Velocimacro : allowInlineLocal = false : VMs defined inline will be global in scope if allowed.
2020-12-13 18:41:22,623 - Velocimacro : autoload off : VM system will not automatically reload global library macros
2020-12-13 18:41:22,631 - ResourceManager : found /templates/mapper.xml.vm with loader org.apache.velocity.runtime.resource.loader.ClasspathResourceLoader
2020-12-13 18:41:22,643 - ResourceManager : found /templates/entity.java.vm with loader org.apache.velocity.runtime.resource.loader.ClasspathResourceLoader
2020-12-13 18:41:22,644 - Left side (${versionFieldName}) of '==' operation has null value. If it is a reference, it may not be in the context or its toString() returned null. /templates/entity.java.vm[line 86, column 26]
2020-12-13 18:41:22,644 - Left side (${logicDeleteFieldName}) of '==' operation has null value. If it is a reference, it may not be in the context or its toString() returned null. /templates/entity.java.vm[line 90, column 30]
2020-12-13 18:41:22,644 - Left side (${versionFieldName}) of '==' operation has null value. If it is a reference, it may not be in the context or its toString() returned null. /templates/entity.java.vm[line 86, column 26]
2020-12-13 18:41:22,644 - Left side (${logicDeleteFieldName}) of '==' operation has null value. If it is a reference, it may not be in the context or its toString() returned null. /templates/entity.java.vm[line 90, column 30]
2020-12-13 18:41:22,644 - Left side (${versionFieldName}) of '==' operation has null value. If it is a reference, it may not be in the context or its toString() returned null. /templates/entity.java.vm[line 86, column 26]
2020-12-13 18:41:22,644 - Left side (${logicDeleteFieldName}) of '==' operation has null value. If it is a reference, it may not be in the context or its toString() returned null. /templates/entity.java.vm[line 90, column 30]
2020-12-13 18:41:22,645 - ResourceManager : found /templates/mapper.java.vm with loader org.apache.velocity.runtime.resource.loader.ClasspathResourceLoader
2020-12-13 18:41:22,647 - ResourceManager : found /templates/mapper.xml.vm with loader org.apache.velocity.runtime.resource.loader.ClasspathResourceLoader
2020-12-13 18:41:22,649 - ResourceManager : found /templates/service.java.vm with loader org.apache.velocity.runtime.resource.loader.ClasspathResourceLoader
2020-12-13 18:41:22,651 - ResourceManager : found /templates/serviceImpl.java.vm with loader org.apache.velocity.runtime.resource.loader.ClasspathResourceLoader
2020-12-13 18:41:22,652 - ResourceManager : found /templates/controller.java.vm with loader org.apache.velocity.runtime.resource.loader.ClasspathResourceLoader
2020-12-13 18:42:48,484 - Log4JLogChute initialized using file 'velocity.log'
2020-12-13 18:42:48,484 - Initializing Velocity, Calling init()...
2020-12-13 18:42:48,484 - Starting Apache Velocity v1.7 (compiled: 2010-11-19 12:14:37)
2020-12-13 18:42:48,484 - Default Properties File: org\apache\velocity\runtime\defaults\velocity.properties
2020-12-13 18:42:48,484 - Trying to use logger class org.apache.velocity.runtime.log.AvalonLogChute
2020-12-13 18:42:48,484 - Target log system for org.apache.velocity.runtime.log.AvalonLogChute is not available (java.lang.NoClassDefFoundError: org/apache/log/format/Formatter).  Falling back to next log system...
2020-12-13 18:42:48,484 - Trying to use logger class org.apache.velocity.runtime.log.Log4JLogChute
2020-12-13 18:42:48,484 - Using logger class org.apache.velocity.runtime.log.Log4JLogChute
2020-12-13 18:42:48,486 - ResourceLoader instantiated: org.apache.velocity.runtime.resource.loader.ClasspathResourceLoader
2020-12-13 18:42:48,491 - ResourceCache: initialized (class org.apache.velocity.runtime.resource.ResourceCacheImpl) with class java.util.Collections$SynchronizedMap cache map.
2020-12-13 18:42:48,492 - Loaded System Directive: org.apache.velocity.runtime.directive.Stop
2020-12-13 18:42:48,492 - Loaded System Directive: org.apache.velocity.runtime.directive.Define
2020-12-13 18:42:48,492 - Loaded System Directive: org.apache.velocity.runtime.directive.Break
2020-12-13 18:42:48,493 - Loaded System Directive: org.apache.velocity.runtime.directive.Evaluate
2020-12-13 18:42:48,493 - Loaded System Directive: org.apache.velocity.runtime.directive.Literal
2020-12-13 18:42:48,494 - Loaded System Directive: org.apache.velocity.runtime.directive.Macro
2020-12-13 18:42:48,494 - Loaded System Directive: org.apache.velocity.runtime.directive.Parse
2020-12-13 18:42:48,495 - Loaded System Directive: org.apache.velocity.runtime.directive.Include
2020-12-13 18:42:48,495 - Loaded System Directive: org.apache.velocity.runtime.directive.Foreach
2020-12-13 18:42:48,511 - Created '20' parsers.
2020-12-13 18:42:48,513 - Velocimacro : "velocimacro.library" is not set.  Trying default library: VM_global_library.vm
2020-12-13 18:42:48,514 - Could not load resource 'VM_global_library.vm' from ResourceLoader org.apache.velocity.runtime.resource.loader.ClasspathResourceLoader: ClasspathResourceLoader Error: cannot find resource VM_global_library.vm
2020-12-13 18:42:48,514 - Velocimacro : Default library not found.
2020-12-13 18:42:48,514 - Velocimacro : allowInline = true : VMs can be defined inline in templates
2020-12-13 18:42:48,514 - Velocimacro : allowInlineToOverride = false : VMs defined inline may NOT replace previous VM definitions
2020-12-13 18:42:48,514 - Velocimacro : allowInlineLocal = false : VMs defined inline will be global in scope if allowed.
2020-12-13 18:42:48,514 - Velocimacro : autoload off : VM system will not automatically reload global library macros
2020-12-13 18:42:48,522 - ResourceManager : found /templates/mapper.xml.vm with loader org.apache.velocity.runtime.resource.loader.ClasspathResourceLoader
2020-12-13 18:42:48,534 - ResourceManager : found /templates/entity.java.vm with loader org.apache.velocity.runtime.resource.loader.ClasspathResourceLoader
2020-12-13 18:42:48,535 - Left side (${versionFieldName}) of '==' operation has null value. If it is a reference, it may not be in the context or its toString() returned null. /templates/entity.java.vm[line 86, column 26]
2020-12-13 18:42:48,535 - Left side (${logicDeleteFieldName}) of '==' operation has null value. If it is a reference, it may not be in the context or its toString() returned null. /templates/entity.java.vm[line 90, column 30]
2020-12-13 18:42:48,535 - Left side (${versionFieldName}) of '==' operation has null value. If it is a reference, it may not be in the context or its toString() returned null. /templates/entity.java.vm[line 86, column 26]
2020-12-13 18:42:48,535 - Left side (${logicDeleteFieldName}) of '==' operation has null value. If it is a reference, it may not be in the context or its toString() returned null. /templates/entity.java.vm[line 90, column 30]
2020-12-13 18:42:48,535 - Left side (${versionFieldName}) of '==' operation has null value. If it is a reference, it may not be in the context or its toString() returned null. /templates/entity.java.vm[line 86, column 26]
2020-12-13 18:42:48,535 - Left side (${logicDeleteFieldName}) of '==' operation has null value. If it is a reference, it may not be in the context or its toString() returned null. /templates/entity.java.vm[line 90, column 30]
2020-12-13 18:42:48,536 - ResourceManager : found /templates/mapper.java.vm with loader org.apache.velocity.runtime.resource.loader.ClasspathResourceLoader
2020-12-13 18:42:48,538 - ResourceManager : found /templates/mapper.xml.vm with loader org.apache.velocity.runtime.resource.loader.ClasspathResourceLoader
2020-12-13 18:42:48,540 - ResourceManager : found /templates/service.java.vm with loader org.apache.velocity.runtime.resource.loader.ClasspathResourceLoader
2020-12-13 18:42:48,542 - ResourceManager : found /templates/serviceImpl.java.vm with loader org.apache.velocity.runtime.resource.loader.ClasspathResourceLoader
2020-12-13 18:42:48,543 - ResourceManager : found /templates/controller.java.vm with loader org.apache.velocity.runtime.resource.loader.ClasspathResourceLoader
2020-12-13 18:45:38,628 - Log4JLogChute initialized using file 'velocity.log'
2020-12-13 18:45:38,628 - Initializing Velocity, Calling init()...
2020-12-13 18:45:38,628 - Starting Apache Velocity v1.7 (compiled: 2010-11-19 12:14:37)
2020-12-13 18:45:38,629 - Default Properties File: org\apache\velocity\runtime\defaults\velocity.properties
2020-12-13 18:45:38,629 - Trying to use logger class org.apache.velocity.runtime.log.AvalonLogChute
2020-12-13 18:45:38,629 - Target log system for org.apache.velocity.runtime.log.AvalonLogChute is not available (java.lang.NoClassDefFoundError: org/apache/log/format/Formatter).  Falling back to next log system...
2020-12-13 18:45:38,629 - Trying to use logger class org.apache.velocity.runtime.log.Log4JLogChute
2020-12-13 18:45:38,629 - Using logger class org.apache.velocity.runtime.log.Log4JLogChute
2020-12-13 18:45:38,631 - ResourceLoader instantiated: org.apache.velocity.runtime.resource.loader.ClasspathResourceLoader
2020-12-13 18:45:38,637 - ResourceCache: initialized (class org.apache.velocity.runtime.resource.ResourceCacheImpl) with class java.util.Collections$SynchronizedMap cache map.
2020-12-13 18:45:38,638 - Loaded System Directive: org.apache.velocity.runtime.directive.Stop
2020-12-13 18:45:38,638 - Loaded System Directive: org.apache.velocity.runtime.directive.Define
2020-12-13 18:45:38,639 - Loaded System Directive: org.apache.velocity.runtime.directive.Break
2020-12-13 18:45:38,639 - Loaded System Directive: org.apache.velocity.runtime.directive.Evaluate
2020-12-13 18:45:38,639 - Loaded System Directive: org.apache.velocity.runtime.directive.Literal
2020-12-13 18:45:38,640 - Loaded System Directive: org.apache.velocity.runtime.directive.Macro
2020-12-13 18:45:38,640 - Loaded System Directive: org.apache.velocity.runtime.directive.Parse
2020-12-13 18:45:38,641 - Loaded System Directive: org.apache.velocity.runtime.directive.Include
2020-12-13 18:45:38,641 - Loaded System Directive: org.apache.velocity.runtime.directive.Foreach
2020-12-13 18:45:38,657 - Created '20' parsers.
2020-12-13 18:45:38,660 - Velocimacro : "velocimacro.library" is not set.  Trying default library: VM_global_library.vm
2020-12-13 18:45:38,660 - Could not load resource 'VM_global_library.vm' from ResourceLoader org.apache.velocity.runtime.resource.loader.ClasspathResourceLoader: ClasspathResourceLoader Error: cannot find resource VM_global_library.vm
2020-12-13 18:45:38,660 - Velocimacro : Default library not found.
2020-12-13 18:45:38,660 - Velocimacro : allowInline = true : VMs can be defined inline in templates
2020-12-13 18:45:38,660 - Velocimacro : allowInlineToOverride = false : VMs defined inline may NOT replace previous VM definitions
2020-12-13 18:45:38,660 - Velocimacro : allowInlineLocal = false : VMs defined inline will be global in scope if allowed.
2020-12-13 18:45:38,660 - Velocimacro : autoload off : VM system will not automatically reload global library macros
2020-12-13 18:45:38,669 - ResourceManager : found /templates/mapper.xml.vm with loader org.apache.velocity.runtime.resource.loader.ClasspathResourceLoader
2020-12-13 18:45:38,684 - ResourceManager : found /templates/entity.java.vm with loader org.apache.velocity.runtime.resource.loader.ClasspathResourceLoader
2020-12-13 18:45:38,686 - Left side (${versionFieldName}) of '==' operation has null value. If it is a reference, it may not be in the context or its toString() returned null. /templates/entity.java.vm[line 86, column 26]
2020-12-13 18:45:38,686 - Left side (${logicDeleteFieldName}) of '==' operation has null value. If it is a reference, it may not be in the context or its toString() returned null. /templates/entity.java.vm[line 90, column 30]
2020-12-13 18:45:38,686 - Left side (${versionFieldName}) of '==' operation has null value. If it is a reference, it may not be in the context or its toString() returned null. /templates/entity.java.vm[line 86, column 26]
2020-12-13 18:45:38,686 - Left side (${logicDeleteFieldName}) of '==' operation has null value. If it is a reference, it may not be in the context or its toString() returned null. /templates/entity.java.vm[line 90, column 30]
2020-12-13 18:45:38,686 - Left side (${versionFieldName}) of '==' operation has null value. If it is a reference, it may not be in the context or its toString() returned null. /templates/entity.java.vm[line 86, column 26]
2020-12-13 18:45:38,686 - Left side (${logicDeleteFieldName}) of '==' operation has null value. If it is a reference, it may not be in the context or its toString() returned null. /templates/entity.java.vm[line 90, column 30]
2020-12-13 18:45:38,688 - ResourceManager : found /templates/mapper.java.vm with loader org.apache.velocity.runtime.resource.loader.ClasspathResourceLoader
2020-12-13 18:45:38,691 - ResourceManager : found /templates/mapper.xml.vm with loader org.apache.velocity.runtime.resource.loader.ClasspathResourceLoader
2020-12-13 18:45:38,693 - ResourceManager : found /templates/service.java.vm with loader org.apache.velocity.runtime.resource.loader.ClasspathResourceLoader
2020-12-13 18:45:38,694 - ResourceManager : found /templates/serviceImpl.java.vm with loader org.apache.velocity.runtime.resource.loader.ClasspathResourceLoader
2020-12-13 18:45:38,697 - ResourceManager : found /templates/controller.java.vm with loader org.apache.velocity.runtime.resource.loader.ClasspathResourceLoader
