2020-12-13 18:21:53,393 - Log4JLogChute initialized using file 'velocity.log'
2020-12-13 18:21:53,393 - Initializing Velocity, Calling init()...
2020-12-13 18:21:53,393 - Starting Apache Velocity v1.7 (compiled: 2010-11-19 12:14:37)
2020-12-13 18:21:53,394 - Default Properties File: org\apache\velocity\runtime\defaults\velocity.properties
2020-12-13 18:21:53,394 - Trying to use logger class org.apache.velocity.runtime.log.AvalonLogChute
2020-12-13 18:21:53,394 - Target log system for org.apache.velocity.runtime.log.AvalonLogChute is not available (java.lang.NoClassDefFoundError: org/apache/log/format/Formatter).  Falling back to next log system...
2020-12-13 18:21:53,394 - Trying to use logger class org.apache.velocity.runtime.log.Log4JLogChute
2020-12-13 18:21:53,394 - Using logger class org.apache.velocity.runtime.log.Log4JLogChute
2020-12-13 18:21:53,396 - ResourceLoader instantiated: org.apache.velocity.runtime.resource.loader.ClasspathResourceLoader
2020-12-13 18:21:53,402 - ResourceCache: initialized (class org.apache.velocity.runtime.resource.ResourceCacheImpl) with class java.util.Collections$SynchronizedMap cache map.
2020-12-13 18:21:53,403 - Loaded System Directive: org.apache.velocity.runtime.directive.Stop
2020-12-13 18:21:53,403 - Loaded System Directive: org.apache.velocity.runtime.directive.Define
2020-12-13 18:21:53,403 - Loaded System Directive: org.apache.velocity.runtime.directive.Break
2020-12-13 18:21:53,404 - Loaded System Directive: org.apache.velocity.runtime.directive.Evaluate
2020-12-13 18:21:53,404 - Loaded System Directive: org.apache.velocity.runtime.directive.Literal
2020-12-13 18:21:53,405 - Loaded System Directive: org.apache.velocity.runtime.directive.Macro
2020-12-13 18:21:53,405 - Loaded System Directive: org.apache.velocity.runtime.directive.Parse
2020-12-13 18:21:53,406 - Loaded System Directive: org.apache.velocity.runtime.directive.Include
2020-12-13 18:21:53,406 - Loaded System Directive: org.apache.velocity.runtime.directive.Foreach
2020-12-13 18:21:53,424 - Created '20' parsers.
2020-12-13 18:21:53,427 - Velocimacro : "velocimacro.library" is not set.  Trying default library: VM_global_library.vm
2020-12-13 18:21:53,428 - Could not load resource 'VM_global_library.vm' from ResourceLoader org.apache.velocity.runtime.resource.loader.ClasspathResourceLoader: ClasspathResourceLoader Error: cannot find resource VM_global_library.vm
2020-12-13 18:21:53,428 - Velocimacro : Default library not found.
2020-12-13 18:21:53,428 - Velocimacro : allowInline = true : VMs can be defined inline in templates
2020-12-13 18:21:53,428 - Velocimacro : allowInlineToOverride = false : VMs defined inline may NOT replace previous VM definitions
2020-12-13 18:21:53,428 - Velocimacro : allowInlineLocal = false : VMs defined inline will be global in scope if allowed.
2020-12-13 18:21:53,428 - Velocimacro : autoload off : VM system will not automatically reload global library macros
2020-12-13 18:21:53,440 - ResourceManager : found /templates/mapper.xml.vm with loader org.apache.velocity.runtime.resource.loader.ClasspathResourceLoader
2020-12-13 18:21:53,457 - ResourceManager : found /templates/entity.java.vm with loader org.apache.velocity.runtime.resource.loader.ClasspathResourceLoader
2020-12-13 18:21:53,458 - Left side (${versionFieldName}) of '==' operation has null value. If it is a reference, it may not be in the context or its toString() returned null. /templates/entity.java.vm[line 86, column 26]
2020-12-13 18:21:53,458 - Left side (${logicDeleteFieldName}) of '==' operation has null value. If it is a reference, it may not be in the context or its toString() returned null. /templates/entity.java.vm[line 90, column 30]
2020-12-13 18:21:53,458 - Left side (${versionFieldName}) of '==' operation has null value. If it is a reference, it may not be in the context or its toString() returned null. /templates/entity.java.vm[line 86, column 26]
2020-12-13 18:21:53,458 - Left side (${logicDeleteFieldName}) of '==' operation has null value. If it is a reference, it may not be in the context or its toString() returned null. /templates/entity.java.vm[line 90, column 30]
2020-12-13 18:21:53,459 - Left side (${versionFieldName}) of '==' operation has null value. If it is a reference, it may not be in the context or its toString() returned null. /templates/entity.java.vm[line 86, column 26]
2020-12-13 18:21:53,459 - Left side (${logicDeleteFieldName}) of '==' operation has null value. If it is a reference, it may not be in the context or its toString() returned null. /templates/entity.java.vm[line 90, column 30]
2020-12-13 18:21:53,460 - ResourceManager : found /templates/mapper.java.vm with loader org.apache.velocity.runtime.resource.loader.ClasspathResourceLoader
2020-12-13 18:21:53,462 - ResourceManager : found /templates/mapper.xml.vm with loader org.apache.velocity.runtime.resource.loader.ClasspathResourceLoader
2020-12-13 18:21:53,464 - ResourceManager : found /templates/service.java.vm with loader org.apache.velocity.runtime.resource.loader.ClasspathResourceLoader
2020-12-13 18:21:53,465 - ResourceManager : found /templates/serviceImpl.java.vm with loader org.apache.velocity.runtime.resource.loader.ClasspathResourceLoader
2020-12-13 18:21:53,467 - ResourceManager : found /templates/controller.java.vm with loader org.apache.velocity.runtime.resource.loader.ClasspathResourceLoader
2020-12-13 18:31:16,214 - Log4JLogChute initialized using file 'velocity.log'
2020-12-13 18:31:16,215 - Initializing Velocity, Calling init()...
2020-12-13 18:31:16,215 - Starting Apache Velocity v1.7 (compiled: 2010-11-19 12:14:37)
2020-12-13 18:31:16,215 - Default Properties File: org\apache\velocity\runtime\defaults\velocity.properties
2020-12-13 18:31:16,215 - Trying to use logger class org.apache.velocity.runtime.log.AvalonLogChute
2020-12-13 18:31:16,215 - Target log system for org.apache.velocity.runtime.log.AvalonLogChute is not available (java.lang.NoClassDefFoundError: org/apache/log/format/Formatter).  Falling back to next log system...
2020-12-13 18:31:16,215 - Trying to use logger class org.apache.velocity.runtime.log.Log4JLogChute
2020-12-13 18:31:16,215 - Using logger class org.apache.velocity.runtime.log.Log4JLogChute
2020-12-13 18:31:16,217 - ResourceLoader instantiated: org.apache.velocity.runtime.resource.loader.ClasspathResourceLoader
2020-12-13 18:31:16,223 - ResourceCache: initialized (class org.apache.velocity.runtime.resource.ResourceCacheImpl) with class java.util.Collections$SynchronizedMap cache map.
2020-12-13 18:31:16,224 - Loaded System Directive: org.apache.velocity.runtime.directive.Stop
2020-12-13 18:31:16,224 - Loaded System Directive: org.apache.velocity.runtime.directive.Define
2020-12-13 18:31:16,224 - Loaded System Directive: org.apache.velocity.runtime.directive.Break
2020-12-13 18:31:16,225 - Loaded System Directive: org.apache.velocity.runtime.directive.Evaluate
2020-12-13 18:31:16,225 - Loaded System Directive: org.apache.velocity.runtime.directive.Literal
2020-12-13 18:31:16,226 - Loaded System Directive: org.apache.velocity.runtime.directive.Macro
2020-12-13 18:31:16,226 - Loaded System Directive: org.apache.velocity.runtime.directive.Parse
2020-12-13 18:31:16,227 - Loaded System Directive: org.apache.velocity.runtime.directive.Include
2020-12-13 18:31:16,228 - Loaded System Directive: org.apache.velocity.runtime.directive.Foreach
2020-12-13 18:31:16,246 - Created '20' parsers.
2020-12-13 18:31:16,249 - Velocimacro : "velocimacro.library" is not set.  Trying default library: VM_global_library.vm
2020-12-13 18:31:16,249 - Could not load resource 'VM_global_library.vm' from ResourceLoader org.apache.velocity.runtime.resource.loader.ClasspathResourceLoader: ClasspathResourceLoader Error: cannot find resource VM_global_library.vm
2020-12-13 18:31:16,249 - Velocimacro : Default library not found.
2020-12-13 18:31:16,249 - Velocimacro : allowInline = true : VMs can be defined inline in templates
2020-12-13 18:31:16,249 - Velocimacro : allowInlineToOverride = false : VMs defined inline may NOT replace previous VM definitions
2020-12-13 18:31:16,249 - Velocimacro : allowInlineLocal = false : VMs defined inline will be global in scope if allowed.
2020-12-13 18:31:16,249 - Velocimacro : autoload off : VM system will not automatically reload global library macros
2020-12-13 18:31:16,260 - ResourceManager : found /templates/mapper.xml.vm with loader org.apache.velocity.runtime.resource.loader.ClasspathResourceLoader
2020-12-13 18:31:16,273 - ResourceManager : found /templates/entity.java.vm with loader org.apache.velocity.runtime.resource.loader.ClasspathResourceLoader
2020-12-13 18:31:16,274 - Left side (${versionFieldName}) of '==' operation has null value. If it is a reference, it may not be in the context or its toString() returned null. /templates/entity.java.vm[line 86, column 26]
2020-12-13 18:31:16,274 - Left side (${logicDeleteFieldName}) of '==' operation has null value. If it is a reference, it may not be in the context or its toString() returned null. /templates/entity.java.vm[line 90, column 30]
2020-12-13 18:31:16,274 - Left side (${versionFieldName}) of '==' operation has null value. If it is a reference, it may not be in the context or its toString() returned null. /templates/entity.java.vm[line 86, column 26]
2020-12-13 18:31:16,274 - Left side (${logicDeleteFieldName}) of '==' operation has null value. If it is a reference, it may not be in the context or its toString() returned null. /templates/entity.java.vm[line 90, column 30]
2020-12-13 18:31:16,274 - Left side (${versionFieldName}) of '==' operation has null value. If it is a reference, it may not be in the context or its toString() returned null. /templates/entity.java.vm[line 86, column 26]
2020-12-13 18:31:16,274 - Left side (${logicDeleteFieldName}) of '==' operation has null value. If it is a reference, it may not be in the context or its toString() returned null. /templates/entity.java.vm[line 90, column 30]
2020-12-13 18:31:16,275 - ResourceManager : found /templates/mapper.java.vm with loader org.apache.velocity.runtime.resource.loader.ClasspathResourceLoader
2020-12-13 18:31:16,277 - ResourceManager : found /templates/mapper.xml.vm with loader org.apache.velocity.runtime.resource.loader.ClasspathResourceLoader
2020-12-13 18:31:16,279 - ResourceManager : found /templates/service.java.vm with loader org.apache.velocity.runtime.resource.loader.ClasspathResourceLoader
2020-12-13 18:31:16,280 - ResourceManager : found /templates/serviceImpl.java.vm with loader org.apache.velocity.runtime.resource.loader.ClasspathResourceLoader
2020-12-13 18:31:16,282 - ResourceManager : found /templates/controller.java.vm with loader org.apache.velocity.runtime.resource.loader.ClasspathResourceLoader
